[0.014s] Invoking command in '/home/dhruv/bumperbot_ws/build/bumperbot_msgs': CMAKE_PREFIX_PATH=${CMAKE_PREFIX_PATH}:/home/dhruv/bumperbot_ws/install/bumperbot_py_examples:/home/dhruv/ros2_ws/install/new_pkg:/opt/ros/humble /usr/bin/cmake --build /home/dhruv/bumperbot_ws/build/bumperbot_msgs -- -j16 -l16
[0.027s] -- Found ament_cmake: 1.3.8 (/opt/ros/humble/share/ament_cmake/cmake)
[0.120s] -- Found std_msgs: 4.2.3 (/opt/ros/humble/share/std_msgs/cmake)
[0.134s] -- Found rosidl_generator_c: 3.1.5 (/opt/ros/humble/share/rosidl_generator_c/cmake)
[0.136s] -- Found rosidl_adapter: 3.1.5 (/opt/ros/humble/share/rosidl_adapter/cmake)
[0.139s] -- Found rosidl_generator_cpp: 3.1.5 (/opt/ros/humble/share/rosidl_generator_cpp/cmake)
[0.146s] -- Using all available rosidl_typesupport_c: rosidl_typesupport_fastrtps_c;rosidl_typesupport_introspection_c
[0.155s] -- Using all available rosidl_typesupport_cpp: rosidl_typesupport_fastrtps_cpp;rosidl_typesupport_introspection_cpp
[0.189s] -- Found rosidl_default_generators: 1.2.0 (/opt/ros/humble/share/rosidl_default_generators/cmake)
[0.316s] [31mCMake Error at /opt/ros/humble/share/rosidl_adapter/cmake/rosidl_adapt_interfaces.cmake:59 (message):
[0.316s]   execute_process(/usr/bin/python3 -m rosidl_adapter --package-name
[0.316s]   bumperbot_msgs --arguments-file
[0.316s]   /home/dhruv/bumperbot_ws/build/bumperbot_msgs/rosidl_adapter__arguments__bumperbot_msgs.json
[0.316s]   --output-dir
[0.316s]   /home/dhruv/bumperbot_ws/build/bumperbot_msgs/rosidl_adapter/bumperbot_msgs
[0.316s]   --output-file
[0.316s]   /home/dhruv/bumperbot_ws/build/bumperbot_msgs/rosidl_adapter/bumperbot_msgs.idls)
[0.316s]   returned error code 1:
[0.316s] 
[0.316s]   Error processing 'geometry_msgs/TransformStamped TransformStamped' of
[0.316s]   'bumperbot_msgs/GetTransform_Response': ''TransformStamped' is an invalid
[0.316s]   field name.  It should have the pattern
[0.316s]   '^(?!.*__)(?!.*_$)[a-z][a-z0-9_]*$''
[0.316s] 
[0.317s]   Traceback (most recent call last):
[0.317s] 
[0.317s]     File "/usr/lib/python3.10/runpy.py", line 196, in _run_module_as_main
[0.317s]       return _run_code(code, main_globals, None,
[0.317s]     File "/usr/lib/python3.10/runpy.py", line 86, in _run_code
[0.317s]       exec(code, run_globals)
[0.317s]     File "/opt/ros/humble/local/lib/python3.10/dist-packages/rosidl_adapter/__main__.py", line 19, in <module>
[0.317s]       sys.exit(main())
[0.317s]     File "/opt/ros/humble/local/lib/python3.10/dist-packages/rosidl_adapter/main.py", line 53, in main
[0.317s]       abs_idl_file = convert_to_idl(
[0.317s]     File "/opt/ros/humble/local/lib/python3.10/dist-packages/rosidl_adapter/__init__.py", line 24, in convert_to_idl
[0.317s]       return convert_srv_to_idl(
[0.317s]     File "/opt/ros/humble/local/lib/python3.10/dist-packages/rosidl_adapter/srv/__init__.py", line 28, in convert_srv_to_idl
[0.317s]       srv = parse_service_string(package_name, input_file.stem, content)
[0.317s]     File "/opt/ros/humble/local/lib/python3.10/dist-packages/rosidl_adapter/parser.py", line 863, in parse_service_string
[0.317s]       response_message = parse_message_string(
[0.317s]     File "/opt/ros/humble/local/lib/python3.10/dist-packages/rosidl_adapter/parser.py", line 519, in parse_message_string
[0.317s]       fields.append(Field(
[0.318s]     File "/opt/ros/humble/local/lib/python3.10/dist-packages/rosidl_adapter/parser.py", line 354, in __init__
[0.318s]       raise NameError(
[0.318s] 
[0.318s]   NameError: 'TransformStamped' is an invalid field name.  It should have the
[0.318s]   pattern '^(?!.*__)(?!.*_$)[a-z][a-z0-9_]*$'
[0.318s] 
[0.318s] Call Stack (most recent call first):
[0.318s]   /opt/ros/humble/share/rosidl_cmake/cmake/rosidl_generate_interfaces.cmake:130 (rosidl_adapt_interfaces)
[0.318s]   CMakeLists.txt:12 (rosidl_generate_interfaces)
[0.318s] 
[0.318s] [0m
[0.318s] -- Configuring incomplete, errors occurred!
[0.318s] See also "/home/dhruv/bumperbot_ws/build/bumperbot_msgs/CMakeFiles/CMakeOutput.log".
[0.319s] gmake: *** [Makefile:747: cmake_check_build_system] Error 1
[0.321s] Invoked command in '/home/dhruv/bumperbot_ws/build/bumperbot_msgs' returned '2': CMAKE_PREFIX_PATH=${CMAKE_PREFIX_PATH}:/home/dhruv/bumperbot_ws/install/bumperbot_py_examples:/home/dhruv/ros2_ws/install/new_pkg:/opt/ros/humble /usr/bin/cmake --build /home/dhruv/bumperbot_ws/build/bumperbot_msgs -- -j16 -l16
